INFO 2019-10-26 13:30:54,941 root : Сервер доступний. Час на сервері: 2019-10-26T10:30:54.889
INFO 2019-10-26 13:30:54,943 root : ======================================
INFO 2019-10-26 13:30:54,943 root : Запитувана сторінка: : /health/
INFO 2019-10-26 13:30:54,947 root : Cтатус сервера: Linux
INFO 2019-10-26 13:30:54,947 root : Cтатус кієнтa: python-requests/2.22.0
INFO 2019-10-26 13:31:55,059 root : Сервер доступний. Час на сервері: 2019-10-26T10:31:55.015
INFO 2019-10-26 13:31:55,060 root : ======================================
INFO 2019-10-26 13:31:55,060 root : Запитувана сторінка: : /health/
INFO 2019-10-26 13:31:55,060 root : Cтатус сервера: Linux
INFO 2019-10-26 13:31:55,060 root : Cтатус кієнтa: python-requests/2.22.0
INFO 2019-10-26 13:32:55,197 root : Сервер доступний. Час на сервері: 2019-10-26T10:32:55.153
INFO 2019-10-26 13:32:55,197 root : ======================================
INFO 2019-10-26 13:32:55,198 root : Запитувана сторінка: : /health/
INFO 2019-10-26 13:32:55,198 root : Cтатус сервера: Linux
INFO 2019-10-26 13:32:55,198 root : Cтатус кієнтa: python-requests/2.22.0
INFO 2019-10-26 13:33:55,359 root : Сервер доступний. Час на сервері: 2019-10-26T10:33:55.315
INFO 2019-10-26 13:33:55,360 root : ======================================
INFO 2019-10-26 13:33:55,360 root : Запитувана сторінка: : /health/
INFO 2019-10-26 13:33:55,360 root : Cтатус сервера: Linux
INFO 2019-10-26 13:33:55,360 root : Cтатус кієнтa: python-requests/2.22.0
INFO 2019-10-26 13:34:55,501 root : Сервер доступний. Час на сервері: 2019-10-26T10:34:55.454
INFO 2019-10-26 13:34:55,501 root : ======================================
INFO 2019-10-26 13:34:55,502 root : Запитувана сторінка: : /health/
INFO 2019-10-26 13:34:55,502 root : Cтатус сервера: Linux
INFO 2019-10-26 13:34:55,502 root : Cтатус кієнтa: python-requests/2.22.0
INFO 2019-10-26 13:35:55,616 root : Сервер доступний. Час на сервері: 2019-10-26T10:35:55.574
INFO 2019-10-26 13:35:55,616 root : ======================================
INFO 2019-10-26 13:35:55,617 root : Запитувана сторінка: : /health/
INFO 2019-10-26 13:35:55,617 root : Cтатус сервера: Linux
INFO 2019-10-26 13:35:55,617 root : Cтатус кієнтa: python-requests/2.22.0
INFO 2019-11-09 21:52:17,628 root : Сервер доступний. Час на сервері: 2019-11-09T21:52:17.582
INFO 2019-11-09 21:52:17,628 root : ======================================
INFO 2019-11-09 21:52:17,629 root : Запитувана сторінка: : /health/
INFO 2019-11-09 21:52:17,629 root : Cтатус сервера: Linux
INFO 2019-11-09 21:52:17,629 root : Cтатус кієнтa: python-requests/2.22.0
INFO 2019-11-09 21:53:17,778 root : Сервер доступний. Час на сервері: 2019-11-09T21:53:17.728
INFO 2019-11-09 21:53:17,778 root : ======================================
INFO 2019-11-09 21:53:17,778 root : Запитувана сторінка: : /health/
INFO 2019-11-09 21:53:17,778 root : Cтатус сервера: Linux
INFO 2019-11-09 21:53:17,778 root : Cтатус кієнтa: python-requests/2.22.0
INFO 2019-11-09 21:54:17,902 root : Сервер доступний. Час на сервері: 2019-11-09T21:54:17.854
INFO 2019-11-09 21:54:17,902 root : ======================================
INFO 2019-11-09 21:54:17,902 root : Запитувана сторінка: : /health/
INFO 2019-11-09 21:54:17,902 root : Cтатус сервера: Linux
INFO 2019-11-09 21:54:17,902 root : Cтатус кієнтa: python-requests/2.22.0
INFO 2019-11-09 21:55:18,017 root : Сервер доступний. Час на сервері: 2019-11-09T21:55:17.972
INFO 2019-11-09 21:55:18,017 root : ======================================
INFO 2019-11-09 21:55:18,017 root : Запитувана сторінка: : /health/
INFO 2019-11-09 21:55:18,018 root : Cтатус сервера: Linux
INFO 2019-11-09 21:55:18,018 root : Cтатус кієнтa: python-requests/2.22.0
INFO 2019-11-09 21:56:18,158 root : Сервер доступний. Час на сервері: 2019-11-09T21:56:18.112
INFO 2019-11-09 21:56:18,158 root : ======================================
INFO 2019-11-09 21:56:18,158 root : Запитувана сторінка: : /health/
INFO 2019-11-09 21:56:18,158 root : Cтатус сервера: Linux
INFO 2019-11-09 21:56:18,158 root : Cтатус кієнтa: python-requests/2.22.0
INFO 2019-11-09 21:57:18,294 root : Сервер доступний. Час на сервері: 2019-11-09T21:57:18.233
INFO 2019-11-09 21:57:18,294 root : ======================================
INFO 2019-11-09 21:57:18,294 root : Запитувана сторінка: : /health/
INFO 2019-11-09 21:57:18,294 root : Cтатус сервера: Linux
INFO 2019-11-09 21:57:18,294 root : Cтатус кієнтa: python-requests/2.22.0
INFO 2019-11-09 21:58:18,430 root : Сервер доступний. Час на сервері: 2019-11-09T21:58:18.384
INFO 2019-11-09 21:58:18,431 root : ======================================
INFO 2019-11-09 21:58:18,431 root : Запитувана сторінка: : /health/
INFO 2019-11-09 21:58:18,431 root : Cтатус сервера: Linux
INFO 2019-11-09 21:58:18,431 root : Cтатус кієнтa: python-requests/2.22.0
INFO 2019-11-09 21:59:18,485 root : Сервер доступний. Час на сервері: 2019-11-09T21:59:18.442
INFO 2019-11-09 21:59:18,485 root : ======================================
INFO 2019-11-09 21:59:18,485 root : Запитувана сторінка: : /health/
INFO 2019-11-09 21:59:18,485 root : Cтатус сервера: Linux
INFO 2019-11-09 21:59:18,485 root : Cтатус кієнтa: python-requests/2.22.0
INFO 2019-11-09 22:00:18,642 root : Сервер доступний. Час на сервері: 2019-11-09T22:00:18.598
INFO 2019-11-09 22:00:18,642 root : ======================================
INFO 2019-11-09 22:00:18,642 root : Запитувана сторінка: : /health/
INFO 2019-11-09 22:00:18,642 root : Cтатус сервера: Linux
INFO 2019-11-09 22:00:18,642 root : Cтатус кієнтa: python-requests/2.22.0
INFO 2019-11-09 22:01:18,796 root : Сервер доступний. Час на сервері: 2019-11-09T22:01:18.743
INFO 2019-11-09 22:01:18,796 root : ======================================
INFO 2019-11-09 22:01:18,797 root : Запитувана сторінка: : /health/
INFO 2019-11-09 22:01:18,797 root : Cтатус сервера: Linux
INFO 2019-11-09 22:01:18,797 root : Cтатус кієнтa: python-requests/2.22.0
