INFO 2019-10-26 13:30:54,941 root : Сервер доступний. Час на сервері: 2019-10-26T10:30:54.889
INFO 2019-10-26 13:30:54,943 root : ======================================
INFO 2019-10-26 13:30:54,943 root : Запитувана сторінка: : /health/
INFO 2019-10-26 13:30:54,947 root : Cтатус сервера: Linux
INFO 2019-10-26 13:30:54,947 root : Cтатус кієнтa: python-requests/2.22.0
INFO 2019-10-26 13:31:55,059 root : Сервер доступний. Час на сервері: 2019-10-26T10:31:55.015
INFO 2019-10-26 13:31:55,060 root : ======================================
INFO 2019-10-26 13:31:55,060 root : Запитувана сторінка: : /health/
INFO 2019-10-26 13:31:55,060 root : Cтатус сервера: Linux
INFO 2019-10-26 13:31:55,060 root : Cтатус кієнтa: python-requests/2.22.0
INFO 2019-10-26 13:32:55,197 root : Сервер доступний. Час на сервері: 2019-10-26T10:32:55.153
INFO 2019-10-26 13:32:55,197 root : ======================================
INFO 2019-10-26 13:32:55,198 root : Запитувана сторінка: : /health/
INFO 2019-10-26 13:32:55,198 root : Cтатус сервера: Linux
INFO 2019-10-26 13:32:55,198 root : Cтатус кієнтa: python-requests/2.22.0
INFO 2019-10-26 13:33:55,359 root : Сервер доступний. Час на сервері: 2019-10-26T10:33:55.315
INFO 2019-10-26 13:33:55,360 root : ======================================
INFO 2019-10-26 13:33:55,360 root : Запитувана сторінка: : /health/
INFO 2019-10-26 13:33:55,360 root : Cтатус сервера: Linux
INFO 2019-10-26 13:33:55,360 root : Cтатус кієнтa: python-requests/2.22.0
INFO 2019-10-26 13:34:55,501 root : Сервер доступний. Час на сервері: 2019-10-26T10:34:55.454
INFO 2019-10-26 13:34:55,501 root : ======================================
INFO 2019-10-26 13:34:55,502 root : Запитувана сторінка: : /health/
INFO 2019-10-26 13:34:55,502 root : Cтатус сервера: Linux
INFO 2019-10-26 13:34:55,502 root : Cтатус кієнтa: python-requests/2.22.0
INFO 2019-10-26 13:35:55,616 root : Сервер доступний. Час на сервері: 2019-10-26T10:35:55.574
INFO 2019-10-26 13:35:55,616 root : ======================================
INFO 2019-10-26 13:35:55,617 root : Запитувана сторінка: : /health/
INFO 2019-10-26 13:35:55,617 root : Cтатус сервера: Linux
INFO 2019-10-26 13:35:55,617 root : Cтатус кієнтa: python-requests/2.22.0
